<?xml version="1.0" encoding="UTF-8"?>
<!-- Generated by org.testng.reporters.JUnitReportReporter -->
<testsuite hostname="Antonios-MacBook-Pro.local" failures="0" tests="2" name="com.apiquality.api_rest_test.CollectionsTest" time="5.255" errors="0" timestamp="10 Jul 2020 14:52:35 GMT" skipped="0">
  <testcase classname="com.apiquality.api_rest_test.CollectionsTest" name="addEmployee" time="3.581"/>
  <testcase classname="com.apiquality.api_rest_test.CollectionsTest" name="login" time="1.674"/>
</testsuite> <!-- com.apiquality.api_rest_test.CollectionsTest -->
